ARM GAS  /tmp/ccPB7JRt.s 			page 1


   1              		.cpu cortex-m0plus
   2              		.arch armv6s-m
   3              		.fpu softvfp
   4              		.eabi_attribute 20, 1
   5              		.eabi_attribute 21, 1
   6              		.eabi_attribute 23, 3
   7              		.eabi_attribute 24, 1
   8              		.eabi_attribute 25, 1
   9              		.eabi_attribute 26, 1
  10              		.eabi_attribute 30, 1
  11              		.eabi_attribute 34, 0
  12              		.eabi_attribute 18, 4
  13              		.file	"app_fatfs.c"
  14              		.text
  15              	.Ltext0:
  16              		.cfi_sections	.debug_frame
  17              		.file 1 "FATFS/App/app_fatfs.c"
  18              		.section	.text.MX_FATFS_Init,"ax",%progbits
  19              		.align	1
  20              		.global	MX_FATFS_Init
  21              		.syntax unified
  22              		.code	16
  23              		.thumb_func
  25              	MX_FATFS_Init:
  26              	.LFB493:
   1:FATFS/App/app_fatfs.c **** /* USER CODE BEGIN Header */
   2:FATFS/App/app_fatfs.c **** /**
   3:FATFS/App/app_fatfs.c ****   ******************************************************************************
   4:FATFS/App/app_fatfs.c ****   * @file   app_fatfs.c
   5:FATFS/App/app_fatfs.c ****   * @brief  Code for fatfs applications
   6:FATFS/App/app_fatfs.c ****   ******************************************************************************
   7:FATFS/App/app_fatfs.c ****   * @attention
   8:FATFS/App/app_fatfs.c ****   *
   9:FATFS/App/app_fatfs.c ****   * Copyright (c) 2026 STMicroelectronics.
  10:FATFS/App/app_fatfs.c ****   * All rights reserved.
  11:FATFS/App/app_fatfs.c ****   *
  12:FATFS/App/app_fatfs.c ****   * This software is licensed under terms that can be found in the LICENSE file
  13:FATFS/App/app_fatfs.c ****   * in the root directory of this software component.
  14:FATFS/App/app_fatfs.c ****   * If no LICENSE file comes with this software, it is provided AS-IS.
  15:FATFS/App/app_fatfs.c ****   *
  16:FATFS/App/app_fatfs.c ****   ******************************************************************************
  17:FATFS/App/app_fatfs.c ****   */
  18:FATFS/App/app_fatfs.c **** /* USER CODE END Header */
  19:FATFS/App/app_fatfs.c **** 
  20:FATFS/App/app_fatfs.c **** /* Includes ------------------------------------------------------------------*/
  21:FATFS/App/app_fatfs.c **** #include "app_fatfs.h"
  22:FATFS/App/app_fatfs.c **** #include "main.h"
  23:FATFS/App/app_fatfs.c **** 
  24:FATFS/App/app_fatfs.c **** /* Private includes ----------------------------------------------------------*/
  25:FATFS/App/app_fatfs.c **** /* USER CODE BEGIN Includes */
  26:FATFS/App/app_fatfs.c **** 
  27:FATFS/App/app_fatfs.c **** /* USER CODE END Includes */
  28:FATFS/App/app_fatfs.c **** 
  29:FATFS/App/app_fatfs.c **** /* Private typedef -----------------------------------------------------------*/
  30:FATFS/App/app_fatfs.c **** /* USER CODE BEGIN PTD */
  31:FATFS/App/app_fatfs.c **** typedef enum {
  32:FATFS/App/app_fatfs.c ****   APPLICATION_IDLE = 0,
ARM GAS  /tmp/ccPB7JRt.s 			page 2


  33:FATFS/App/app_fatfs.c ****   APPLICATION_INIT,
  34:FATFS/App/app_fatfs.c ****   APPLICATION_RUNNING,
  35:FATFS/App/app_fatfs.c ****   APPLICATION_SD_UNPLUGGED,
  36:FATFS/App/app_fatfs.c **** }FS_FileOperationsTypeDef;
  37:FATFS/App/app_fatfs.c **** /* USER CODE END PTD */
  38:FATFS/App/app_fatfs.c **** 
  39:FATFS/App/app_fatfs.c **** /* Private define ------------------------------------------------------------*/
  40:FATFS/App/app_fatfs.c **** /* USER CODE BEGIN PD */
  41:FATFS/App/app_fatfs.c **** 
  42:FATFS/App/app_fatfs.c **** /* USER CODE END PD */
  43:FATFS/App/app_fatfs.c **** 
  44:FATFS/App/app_fatfs.c **** /* Private macro -------------------------------------------------------------*/
  45:FATFS/App/app_fatfs.c **** /* USER CODE BEGIN PM */
  46:FATFS/App/app_fatfs.c **** 
  47:FATFS/App/app_fatfs.c **** /* USER CODE END PM */
  48:FATFS/App/app_fatfs.c **** 
  49:FATFS/App/app_fatfs.c **** /* Private variables ---------------------------------------------------------*/
  50:FATFS/App/app_fatfs.c **** FATFS USERFatFs;  /* File system object for USER logical drive */
  51:FATFS/App/app_fatfs.c **** FIL USERFile;     /* File  object for USER */
  52:FATFS/App/app_fatfs.c **** char USERPath[4]; /* USER logical drive path */
  53:FATFS/App/app_fatfs.c **** /* USER CODE BEGIN PV */
  54:FATFS/App/app_fatfs.c **** FS_FileOperationsTypeDef Appli_state = APPLICATION_IDLE;
  55:FATFS/App/app_fatfs.c **** /* USER CODE END PV */
  56:FATFS/App/app_fatfs.c **** 
  57:FATFS/App/app_fatfs.c **** /* Private function prototypes -----------------------------------------------*/
  58:FATFS/App/app_fatfs.c **** /* USER CODE BEGIN PFP */
  59:FATFS/App/app_fatfs.c **** 
  60:FATFS/App/app_fatfs.c **** /* USER CODE END PFP */
  61:FATFS/App/app_fatfs.c **** 
  62:FATFS/App/app_fatfs.c **** /**
  63:FATFS/App/app_fatfs.c ****   * @brief  FatFs initialization
  64:FATFS/App/app_fatfs.c ****   * @param  None
  65:FATFS/App/app_fatfs.c ****   * @retval Initialization result
  66:FATFS/App/app_fatfs.c ****   */
  67:FATFS/App/app_fatfs.c **** int32_t MX_FATFS_Init(void)
  68:FATFS/App/app_fatfs.c **** {
  27              		.loc 1 68 1 view -0
  28              		.cfi_startproc
  29              		@ args = 0, pretend = 0, frame = 0
  30              		@ frame_needed = 0, uses_anonymous_args = 0
  31 0000 10B5     		push	{r4, lr}
  32              	.LCFI0:
  33              		.cfi_def_cfa_offset 8
  34              		.cfi_offset 4, -8
  35              		.cfi_offset 14, -4
  69:FATFS/App/app_fatfs.c ****   /*## FatFS: Link the disk I/O driver(s)  ###########################*/
  70:FATFS/App/app_fatfs.c ****   if (FATFS_LinkDriver(&USER_Driver, USERPath) != 0)
  36              		.loc 1 70 3 view .LVU1
  37              		.loc 1 70 7 is_stmt 0 view .LVU2
  38 0002 0649     		ldr	r1, .L4
  39 0004 0648     		ldr	r0, .L4+4
  40 0006 FFF7FEFF 		bl	FATFS_LinkDriver
  41              	.LVL0:
  42              		.loc 1 70 6 discriminator 1 view .LVU3
  43 000a 0028     		cmp	r0, #0
  44 000c 03D1     		bne	.L3
  71:FATFS/App/app_fatfs.c ****   /* USER CODE BEGIN FATFS_Init */
ARM GAS  /tmp/ccPB7JRt.s 			page 3


  72:FATFS/App/app_fatfs.c ****   {
  73:FATFS/App/app_fatfs.c ****     return APP_ERROR;
  74:FATFS/App/app_fatfs.c ****   }
  75:FATFS/App/app_fatfs.c ****   else
  76:FATFS/App/app_fatfs.c ****   {
  77:FATFS/App/app_fatfs.c ****     Appli_state = APPLICATION_INIT; // also defined in usb_host.c
  45              		.loc 1 77 5 is_stmt 1 view .LVU4
  46              		.loc 1 77 17 is_stmt 0 view .LVU5
  47 000e 054B     		ldr	r3, .L4+8
  48 0010 0122     		movs	r2, #1
  49 0012 1A70     		strb	r2, [r3]
  78:FATFS/App/app_fatfs.c ****     return APP_OK;
  50              		.loc 1 78 5 is_stmt 1 view .LVU6
  51              	.L1:
  79:FATFS/App/app_fatfs.c ****   }
  80:FATFS/App/app_fatfs.c ****   /* USER CODE END FATFS_Init */
  81:FATFS/App/app_fatfs.c **** }
  52              		.loc 1 81 1 is_stmt 0 view .LVU7
  53              		@ sp needed
  54 0014 10BD     		pop	{r4, pc}
  55              	.L3:
  73:FATFS/App/app_fatfs.c ****   }
  56              		.loc 1 73 12 view .LVU8
  57 0016 0120     		movs	r0, #1
  58 0018 4042     		rsbs	r0, r0, #0
  59 001a FBE7     		b	.L1
  60              	.L5:
  61              		.align	2
  62              	.L4:
  63 001c 00000000 		.word	USERPath
  64 0020 00000000 		.word	USER_Driver
  65 0024 00000000 		.word	Appli_state
  66              		.cfi_endproc
  67              	.LFE493:
  69              		.section	.text.MX_FATFS_Process,"ax",%progbits
  70              		.align	1
  71              		.global	MX_FATFS_Process
  72              		.syntax unified
  73              		.code	16
  74              		.thumb_func
  76              	MX_FATFS_Process:
  77              	.LFB494:
  82:FATFS/App/app_fatfs.c **** 
  83:FATFS/App/app_fatfs.c **** /**
  84:FATFS/App/app_fatfs.c ****   * @brief  FatFs application main process
  85:FATFS/App/app_fatfs.c ****   * @param  None
  86:FATFS/App/app_fatfs.c ****   * @retval Process result
  87:FATFS/App/app_fatfs.c ****   */
  88:FATFS/App/app_fatfs.c **** int32_t MX_FATFS_Process(void)
  89:FATFS/App/app_fatfs.c **** {
  78              		.loc 1 89 1 is_stmt 1 view -0
  79              		.cfi_startproc
  80              		@ args = 0, pretend = 0, frame = 0
  81              		@ frame_needed = 0, uses_anonymous_args = 0
  82              		@ link register save eliminated.
  90:FATFS/App/app_fatfs.c ****   /* USER CODE BEGIN FATFS_Process */
  91:FATFS/App/app_fatfs.c ****   int32_t process_res = APP_OK;
ARM GAS  /tmp/ccPB7JRt.s 			page 4


  83              		.loc 1 91 3 view .LVU10
  84              	.LVL1:
  92:FATFS/App/app_fatfs.c **** 
  93:FATFS/App/app_fatfs.c ****   return process_res;
  85              		.loc 1 93 3 view .LVU11
  94:FATFS/App/app_fatfs.c ****   /* USER CODE END FATFS_Process */
  95:FATFS/App/app_fatfs.c **** }
  86              		.loc 1 95 1 is_stmt 0 view .LVU12
  87 0000 0020     		movs	r0, #0
  88              		@ sp needed
  89 0002 7047     		bx	lr
  90              		.cfi_endproc
  91              	.LFE494:
  93              		.section	.text.get_fattime,"ax",%progbits
  94              		.align	1
  95              		.global	get_fattime
  96              		.syntax unified
  97              		.code	16
  98              		.thumb_func
 100              	get_fattime:
 101              	.LFB495:
  96:FATFS/App/app_fatfs.c **** 
  97:FATFS/App/app_fatfs.c **** /**
  98:FATFS/App/app_fatfs.c ****   * @brief  Gets Time from RTC (generated when FS_NORTC==0; see ff.c)
  99:FATFS/App/app_fatfs.c ****   * @param  None
 100:FATFS/App/app_fatfs.c ****   * @retval Time in DWORD
 101:FATFS/App/app_fatfs.c ****   */
 102:FATFS/App/app_fatfs.c **** DWORD get_fattime(void)
 103:FATFS/App/app_fatfs.c **** {
 102              		.loc 1 103 1 is_stmt 1 view -0
 103              		.cfi_startproc
 104              		@ args = 0, pretend = 0, frame = 0
 105              		@ frame_needed = 0, uses_anonymous_args = 0
 106              		@ link register save eliminated.
 104:FATFS/App/app_fatfs.c ****   /* USER CODE BEGIN get_fattime */
 105:FATFS/App/app_fatfs.c ****   return 0;
 107              		.loc 1 105 3 view .LVU14
 106:FATFS/App/app_fatfs.c ****   /* USER CODE END get_fattime */
 107:FATFS/App/app_fatfs.c **** }
 108              		.loc 1 107 1 is_stmt 0 view .LVU15
 109 0000 0020     		movs	r0, #0
 110              		@ sp needed
 111 0002 7047     		bx	lr
 112              		.cfi_endproc
 113              	.LFE495:
 115              		.global	Appli_state
 116              		.section	.bss.Appli_state,"aw",%nobits
 119              	Appli_state:
 120 0000 00       		.space	1
 121              		.global	USERPath
 122              		.section	.bss.USERPath,"aw",%nobits
 123              		.align	2
 126              	USERPath:
 127 0000 00000000 		.space	4
 128              		.global	USERFile
 129              		.section	.bss.USERFile,"aw",%nobits
 130              		.align	2
ARM GAS  /tmp/ccPB7JRt.s 			page 5


 133              	USERFile:
 134 0000 00000000 		.space	560
 134      00000000 
 134      00000000 
 134      00000000 
 134      00000000 
 135              		.global	USERFatFs
 136              		.section	.bss.USERFatFs,"aw",%nobits
 137              		.align	2
 140              	USERFatFs:
 141 0000 00000000 		.space	560
 141      00000000 
 141      00000000 
 141      00000000 
 141      00000000 
 142              		.text
 143              	.Letext0:
 144              		.file 2 "Middlewares/Third_Party/FatFs/src/integer.h"
 145              		.file 3 "/usr/arm-none-eabi/include/machine/_default_types.h"
 146              		.file 4 "/usr/arm-none-eabi/include/sys/_stdint.h"
 147              		.file 5 "Middlewares/Third_Party/FatFs/src/ff.h"
 148              		.file 6 "Middlewares/Third_Party/FatFs/src/diskio.h"
 149              		.file 7 "Middlewares/Third_Party/FatFs/src/ff_gen_drv.h"
 150              		.file 8 "FATFS/Target/user_diskio.h"
 151              		.file 9 "FATFS/App/app_fatfs.h"
 152              		.file 10 "Drivers/STM32G0xx_HAL_Driver/Inc/stm32g0xx_ll_dma.h"
ARM GAS  /tmp/ccPB7JRt.s 			page 6


DEFINED SYMBOLS
                            *ABS*:00000000 app_fatfs.c
     /tmp/ccPB7JRt.s:19     .text.MX_FATFS_Init:00000000 $t
     /tmp/ccPB7JRt.s:25     .text.MX_FATFS_Init:00000000 MX_FATFS_Init
     /tmp/ccPB7JRt.s:63     .text.MX_FATFS_Init:0000001c $d
     /tmp/ccPB7JRt.s:126    .bss.USERPath:00000000 USERPath
     /tmp/ccPB7JRt.s:119    .bss.Appli_state:00000000 Appli_state
     /tmp/ccPB7JRt.s:70     .text.MX_FATFS_Process:00000000 $t
     /tmp/ccPB7JRt.s:76     .text.MX_FATFS_Process:00000000 MX_FATFS_Process
     /tmp/ccPB7JRt.s:94     .text.get_fattime:00000000 $t
     /tmp/ccPB7JRt.s:100    .text.get_fattime:00000000 get_fattime
     /tmp/ccPB7JRt.s:120    .bss.Appli_state:00000000 $d
     /tmp/ccPB7JRt.s:123    .bss.USERPath:00000000 $d
     /tmp/ccPB7JRt.s:133    .bss.USERFile:00000000 USERFile
     /tmp/ccPB7JRt.s:130    .bss.USERFile:00000000 $d
     /tmp/ccPB7JRt.s:140    .bss.USERFatFs:00000000 USERFatFs
     /tmp/ccPB7JRt.s:137    .bss.USERFatFs:00000000 $d

UNDEFINED SYMBOLS
FATFS_LinkDriver
USER_Driver
