ARM GAS  /tmp/ccWeDOOw.s 			page 1


   1              		.cpu cortex-m0plus
   2              		.arch armv6s-m
   3              		.fpu softvfp
   4              		.eabi_attribute 20, 1
   5              		.eabi_attribute 21, 1
   6              		.eabi_attribute 23, 3
   7              		.eabi_attribute 24, 1
   8              		.eabi_attribute 25, 1
   9              		.eabi_attribute 26, 1
  10              		.eabi_attribute 30, 1
  11              		.eabi_attribute 34, 0
  12              		.eabi_attribute 18, 4
  13              		.file	"diskio.c"
  14              		.text
  15              	.Ltext0:
  16              		.cfi_sections	.debug_frame
  17              		.file 1 "Middlewares/Third_Party/FatFs/src/diskio.c"
  18              		.section	.text.disk_status,"ax",%progbits
  19              		.align	1
  20              		.global	disk_status
  21              		.syntax unified
  22              		.code	16
  23              		.thumb_func
  25              	disk_status:
  26              	.LVL0:
  27              	.LFB493:
   1:Middlewares/Third_Party/FatFs/src/diskio.c **** /*-----------------------------------------------------------------------*/
   2:Middlewares/Third_Party/FatFs/src/diskio.c **** /* Low level disk I/O module skeleton for FatFs     (C)ChaN, 2017        */
   3:Middlewares/Third_Party/FatFs/src/diskio.c **** /*                                                                       */
   4:Middlewares/Third_Party/FatFs/src/diskio.c **** /*   Portions COPYRIGHT 2017 STMicroelectronics                          */
   5:Middlewares/Third_Party/FatFs/src/diskio.c **** /*   Portions Copyright (C) 2017, ChaN, all right reserved               */
   6:Middlewares/Third_Party/FatFs/src/diskio.c **** /*-----------------------------------------------------------------------*/
   7:Middlewares/Third_Party/FatFs/src/diskio.c **** /* If a working storage control module is available, it should be        */
   8:Middlewares/Third_Party/FatFs/src/diskio.c **** /* attached to the FatFs via a glue function rather than modifying it.   */
   9:Middlewares/Third_Party/FatFs/src/diskio.c **** /* This is an example of glue functions to attach various existing      */
  10:Middlewares/Third_Party/FatFs/src/diskio.c **** /* storage control modules to the FatFs module with a defined API.       */
  11:Middlewares/Third_Party/FatFs/src/diskio.c **** /*-----------------------------------------------------------------------*/
  12:Middlewares/Third_Party/FatFs/src/diskio.c **** 
  13:Middlewares/Third_Party/FatFs/src/diskio.c **** /* Includes ------------------------------------------------------------------*/
  14:Middlewares/Third_Party/FatFs/src/diskio.c **** #include "diskio.h"
  15:Middlewares/Third_Party/FatFs/src/diskio.c **** #include "ff_gen_drv.h"
  16:Middlewares/Third_Party/FatFs/src/diskio.c **** 
  17:Middlewares/Third_Party/FatFs/src/diskio.c **** #if defined ( __GNUC__ )
  18:Middlewares/Third_Party/FatFs/src/diskio.c **** #ifndef __weak
  19:Middlewares/Third_Party/FatFs/src/diskio.c **** #define __weak __attribute__((weak))
  20:Middlewares/Third_Party/FatFs/src/diskio.c **** #endif
  21:Middlewares/Third_Party/FatFs/src/diskio.c **** #endif
  22:Middlewares/Third_Party/FatFs/src/diskio.c **** 
  23:Middlewares/Third_Party/FatFs/src/diskio.c **** /* Private typedef -----------------------------------------------------------*/
  24:Middlewares/Third_Party/FatFs/src/diskio.c **** /* Private define ------------------------------------------------------------*/
  25:Middlewares/Third_Party/FatFs/src/diskio.c **** /* Private variables ---------------------------------------------------------*/
  26:Middlewares/Third_Party/FatFs/src/diskio.c **** extern Disk_drvTypeDef  disk;
  27:Middlewares/Third_Party/FatFs/src/diskio.c **** 
  28:Middlewares/Third_Party/FatFs/src/diskio.c **** /* Private function prototypes -----------------------------------------------*/
  29:Middlewares/Third_Party/FatFs/src/diskio.c **** /* Private functions ---------------------------------------------------------*/
  30:Middlewares/Third_Party/FatFs/src/diskio.c **** 
  31:Middlewares/Third_Party/FatFs/src/diskio.c **** /**
ARM GAS  /tmp/ccWeDOOw.s 			page 2


  32:Middlewares/Third_Party/FatFs/src/diskio.c ****   * @brief  Gets Disk Status
  33:Middlewares/Third_Party/FatFs/src/diskio.c ****   * @param  pdrv: Physical drive number (0..)
  34:Middlewares/Third_Party/FatFs/src/diskio.c ****   * @retval DSTATUS: Operation status
  35:Middlewares/Third_Party/FatFs/src/diskio.c ****   */
  36:Middlewares/Third_Party/FatFs/src/diskio.c **** DSTATUS disk_status (
  37:Middlewares/Third_Party/FatFs/src/diskio.c **** 	BYTE pdrv		/* Physical drive number to identify the drive */
  38:Middlewares/Third_Party/FatFs/src/diskio.c **** )
  39:Middlewares/Third_Party/FatFs/src/diskio.c **** {
  28              		.loc 1 39 1 view -0
  29              		.cfi_startproc
  30              		@ args = 0, pretend = 0, frame = 0
  31              		@ frame_needed = 0, uses_anonymous_args = 0
  32              		.loc 1 39 1 is_stmt 0 view .LVU1
  33 0000 10B5     		push	{r4, lr}
  34              	.LCFI0:
  35              		.cfi_def_cfa_offset 8
  36              		.cfi_offset 4, -8
  37              		.cfi_offset 14, -4
  40:Middlewares/Third_Party/FatFs/src/diskio.c ****   DSTATUS stat;
  38              		.loc 1 40 3 is_stmt 1 view .LVU2
  41:Middlewares/Third_Party/FatFs/src/diskio.c **** 
  42:Middlewares/Third_Party/FatFs/src/diskio.c ****   stat = disk.drv[pdrv]->disk_status(disk.lun[pdrv]);
  39              		.loc 1 42 3 view .LVU3
  40              		.loc 1 42 18 is_stmt 0 view .LVU4
  41 0002 044B     		ldr	r3, .L2
  42 0004 8200     		lsls	r2, r0, #2
  43 0006 9A18     		adds	r2, r3, r2
  44 0008 5268     		ldr	r2, [r2, #4]
  45              		.loc 1 42 24 view .LVU5
  46 000a 5268     		ldr	r2, [r2, #4]
  47              		.loc 1 42 10 view .LVU6
  48 000c 1B18     		adds	r3, r3, r0
  49 000e 187A     		ldrb	r0, [r3, #8]
  50              	.LVL1:
  51              		.loc 1 42 10 view .LVU7
  52 0010 9047     		blx	r2
  53              	.LVL2:
  43:Middlewares/Third_Party/FatFs/src/diskio.c ****   return stat;
  54              		.loc 1 43 3 is_stmt 1 view .LVU8
  44:Middlewares/Third_Party/FatFs/src/diskio.c **** }
  55              		.loc 1 44 1 is_stmt 0 view .LVU9
  56              		@ sp needed
  57 0012 10BD     		pop	{r4, pc}
  58              	.L3:
  59              		.align	2
  60              	.L2:
  61 0014 00000000 		.word	disk
  62              		.cfi_endproc
  63              	.LFE493:
  65              		.section	.text.disk_initialize,"ax",%progbits
  66              		.align	1
  67              		.global	disk_initialize
  68              		.syntax unified
  69              		.code	16
  70              		.thumb_func
  72              	disk_initialize:
  73              	.LVL3:
ARM GAS  /tmp/ccWeDOOw.s 			page 3


  74              	.LFB494:
  45:Middlewares/Third_Party/FatFs/src/diskio.c **** 
  46:Middlewares/Third_Party/FatFs/src/diskio.c **** /**
  47:Middlewares/Third_Party/FatFs/src/diskio.c ****   * @brief  Initializes a Drive
  48:Middlewares/Third_Party/FatFs/src/diskio.c ****   * @param  pdrv: Physical drive number (0..)
  49:Middlewares/Third_Party/FatFs/src/diskio.c ****   * @retval DSTATUS: Operation status
  50:Middlewares/Third_Party/FatFs/src/diskio.c ****   */
  51:Middlewares/Third_Party/FatFs/src/diskio.c **** DSTATUS disk_initialize (
  52:Middlewares/Third_Party/FatFs/src/diskio.c **** 	BYTE pdrv				/* Physical drive nmuber to identify the drive */
  53:Middlewares/Third_Party/FatFs/src/diskio.c **** )
  54:Middlewares/Third_Party/FatFs/src/diskio.c **** {
  75              		.loc 1 54 1 is_stmt 1 view -0
  76              		.cfi_startproc
  77              		@ args = 0, pretend = 0, frame = 0
  78              		@ frame_needed = 0, uses_anonymous_args = 0
  79              		.loc 1 54 1 is_stmt 0 view .LVU11
  80 0000 10B5     		push	{r4, lr}
  81              	.LCFI1:
  82              		.cfi_def_cfa_offset 8
  83              		.cfi_offset 4, -8
  84              		.cfi_offset 14, -4
  55:Middlewares/Third_Party/FatFs/src/diskio.c ****   DSTATUS stat = RES_OK;
  85              		.loc 1 55 3 is_stmt 1 view .LVU12
  86              	.LVL4:
  56:Middlewares/Third_Party/FatFs/src/diskio.c **** 
  57:Middlewares/Third_Party/FatFs/src/diskio.c ****   if(disk.is_initialized[pdrv] == 0)
  87              		.loc 1 57 3 view .LVU13
  88              		.loc 1 57 25 is_stmt 0 view .LVU14
  89 0002 084B     		ldr	r3, .L7
  90 0004 1B5C     		ldrb	r3, [r3, r0]
  91              		.loc 1 57 5 view .LVU15
  92 0006 002B     		cmp	r3, #0
  93 0008 0AD1     		bne	.L6
  58:Middlewares/Third_Party/FatFs/src/diskio.c ****   {
  59:Middlewares/Third_Party/FatFs/src/diskio.c ****     disk.is_initialized[pdrv] = 1;
  94              		.loc 1 59 5 is_stmt 1 view .LVU16
  95              		.loc 1 59 31 is_stmt 0 view .LVU17
  96 000a 064B     		ldr	r3, .L7
  97 000c 0122     		movs	r2, #1
  98 000e 1A54     		strb	r2, [r3, r0]
  60:Middlewares/Third_Party/FatFs/src/diskio.c ****     stat = disk.drv[pdrv]->disk_initialize(disk.lun[pdrv]);
  99              		.loc 1 60 5 is_stmt 1 view .LVU18
 100              		.loc 1 60 20 is_stmt 0 view .LVU19
 101 0010 8200     		lsls	r2, r0, #2
 102 0012 9A18     		adds	r2, r3, r2
 103 0014 5268     		ldr	r2, [r2, #4]
 104              		.loc 1 60 26 view .LVU20
 105 0016 1268     		ldr	r2, [r2]
 106              		.loc 1 60 12 view .LVU21
 107 0018 1B18     		adds	r3, r3, r0
 108 001a 187A     		ldrb	r0, [r3, #8]
 109              	.LVL5:
 110              		.loc 1 60 12 view .LVU22
 111 001c 9047     		blx	r2
 112              	.LVL6:
 113              	.L5:
  61:Middlewares/Third_Party/FatFs/src/diskio.c ****   }
ARM GAS  /tmp/ccWeDOOw.s 			page 4


  62:Middlewares/Third_Party/FatFs/src/diskio.c ****   return stat;
 114              		.loc 1 62 3 is_stmt 1 view .LVU23
  63:Middlewares/Third_Party/FatFs/src/diskio.c **** }
 115              		.loc 1 63 1 is_stmt 0 view .LVU24
 116              		@ sp needed
 117 001e 10BD     		pop	{r4, pc}
 118              	.LVL7:
 119              	.L6:
  55:Middlewares/Third_Party/FatFs/src/diskio.c **** 
 120              		.loc 1 55 11 view .LVU25
 121 0020 0020     		movs	r0, #0
 122              	.LVL8:
  55:Middlewares/Third_Party/FatFs/src/diskio.c **** 
 123              		.loc 1 55 11 view .LVU26
 124 0022 FCE7     		b	.L5
 125              	.L8:
 126              		.align	2
 127              	.L7:
 128 0024 00000000 		.word	disk
 129              		.cfi_endproc
 130              	.LFE494:
 132              		.section	.text.disk_read,"ax",%progbits
 133              		.align	1
 134              		.global	disk_read
 135              		.syntax unified
 136              		.code	16
 137              		.thumb_func
 139              	disk_read:
 140              	.LVL9:
 141              	.LFB495:
  64:Middlewares/Third_Party/FatFs/src/diskio.c **** 
  65:Middlewares/Third_Party/FatFs/src/diskio.c **** /**
  66:Middlewares/Third_Party/FatFs/src/diskio.c ****   * @brief  Reads Sector(s)
  67:Middlewares/Third_Party/FatFs/src/diskio.c ****   * @param  pdrv: Physical drive number (0..)
  68:Middlewares/Third_Party/FatFs/src/diskio.c ****   * @param  *buff: Data buffer to store read data
  69:Middlewares/Third_Party/FatFs/src/diskio.c ****   * @param  sector: Sector address (LBA)
  70:Middlewares/Third_Party/FatFs/src/diskio.c ****   * @param  count: Number of sectors to read (1..128)
  71:Middlewares/Third_Party/FatFs/src/diskio.c ****   * @retval DRESULT: Operation result
  72:Middlewares/Third_Party/FatFs/src/diskio.c ****   */
  73:Middlewares/Third_Party/FatFs/src/diskio.c **** DRESULT disk_read (
  74:Middlewares/Third_Party/FatFs/src/diskio.c **** 	BYTE pdrv,		/* Physical drive nmuber to identify the drive */
  75:Middlewares/Third_Party/FatFs/src/diskio.c **** 	BYTE *buff,		/* Data buffer to store read data */
  76:Middlewares/Third_Party/FatFs/src/diskio.c **** 	DWORD sector,	        /* Sector address in LBA */
  77:Middlewares/Third_Party/FatFs/src/diskio.c **** 	UINT count		/* Number of sectors to read */
  78:Middlewares/Third_Party/FatFs/src/diskio.c **** )
  79:Middlewares/Third_Party/FatFs/src/diskio.c **** {
 142              		.loc 1 79 1 is_stmt 1 view -0
 143              		.cfi_startproc
 144              		@ args = 0, pretend = 0, frame = 0
 145              		@ frame_needed = 0, uses_anonymous_args = 0
 146              		.loc 1 79 1 is_stmt 0 view .LVU28
 147 0000 70B5     		push	{r4, r5, r6, lr}
 148              	.LCFI2:
 149              		.cfi_def_cfa_offset 16
 150              		.cfi_offset 4, -16
 151              		.cfi_offset 5, -12
 152              		.cfi_offset 6, -8
ARM GAS  /tmp/ccWeDOOw.s 			page 5


 153              		.cfi_offset 14, -4
  80:Middlewares/Third_Party/FatFs/src/diskio.c ****   DRESULT res;
 154              		.loc 1 80 3 is_stmt 1 view .LVU29
  81:Middlewares/Third_Party/FatFs/src/diskio.c **** 
  82:Middlewares/Third_Party/FatFs/src/diskio.c ****   res = disk.drv[pdrv]->disk_read(disk.lun[pdrv], buff, sector, count);
 155              		.loc 1 82 3 view .LVU30
 156              		.loc 1 82 17 is_stmt 0 view .LVU31
 157 0002 044C     		ldr	r4, .L10
 158 0004 8500     		lsls	r5, r0, #2
 159 0006 6519     		adds	r5, r4, r5
 160 0008 6D68     		ldr	r5, [r5, #4]
 161              		.loc 1 82 23 view .LVU32
 162 000a AD68     		ldr	r5, [r5, #8]
 163              		.loc 1 82 9 view .LVU33
 164 000c 2418     		adds	r4, r4, r0
 165 000e 207A     		ldrb	r0, [r4, #8]
 166              	.LVL10:
 167              		.loc 1 82 9 view .LVU34
 168 0010 A847     		blx	r5
 169              	.LVL11:
  83:Middlewares/Third_Party/FatFs/src/diskio.c ****   return res;
 170              		.loc 1 83 3 is_stmt 1 view .LVU35
  84:Middlewares/Third_Party/FatFs/src/diskio.c **** }
 171              		.loc 1 84 1 is_stmt 0 view .LVU36
 172              		@ sp needed
 173 0012 70BD     		pop	{r4, r5, r6, pc}
 174              	.L11:
 175              		.align	2
 176              	.L10:
 177 0014 00000000 		.word	disk
 178              		.cfi_endproc
 179              	.LFE495:
 181              		.section	.text.disk_write,"ax",%progbits
 182              		.align	1
 183              		.global	disk_write
 184              		.syntax unified
 185              		.code	16
 186              		.thumb_func
 188              	disk_write:
 189              	.LVL12:
 190              	.LFB496:
  85:Middlewares/Third_Party/FatFs/src/diskio.c **** 
  86:Middlewares/Third_Party/FatFs/src/diskio.c **** /**
  87:Middlewares/Third_Party/FatFs/src/diskio.c ****   * @brief  Writes Sector(s)
  88:Middlewares/Third_Party/FatFs/src/diskio.c ****   * @param  pdrv: Physical drive number (0..)
  89:Middlewares/Third_Party/FatFs/src/diskio.c ****   * @param  *buff: Data to be written
  90:Middlewares/Third_Party/FatFs/src/diskio.c ****   * @param  sector: Sector address (LBA)
  91:Middlewares/Third_Party/FatFs/src/diskio.c ****   * @param  count: Number of sectors to write (1..128)
  92:Middlewares/Third_Party/FatFs/src/diskio.c ****   * @retval DRESULT: Operation result
  93:Middlewares/Third_Party/FatFs/src/diskio.c ****   */
  94:Middlewares/Third_Party/FatFs/src/diskio.c **** #if _USE_WRITE == 1
  95:Middlewares/Third_Party/FatFs/src/diskio.c **** DRESULT disk_write (
  96:Middlewares/Third_Party/FatFs/src/diskio.c **** 	BYTE pdrv,		/* Physical drive nmuber to identify the drive */
  97:Middlewares/Third_Party/FatFs/src/diskio.c **** 	const BYTE *buff,	/* Data to be written */
  98:Middlewares/Third_Party/FatFs/src/diskio.c **** 	DWORD sector,		/* Sector address in LBA */
  99:Middlewares/Third_Party/FatFs/src/diskio.c **** 	UINT count        	/* Number of sectors to write */
 100:Middlewares/Third_Party/FatFs/src/diskio.c **** )
ARM GAS  /tmp/ccWeDOOw.s 			page 6


 101:Middlewares/Third_Party/FatFs/src/diskio.c **** {
 191              		.loc 1 101 1 is_stmt 1 view -0
 192              		.cfi_startproc
 193              		@ args = 0, pretend = 0, frame = 0
 194              		@ frame_needed = 0, uses_anonymous_args = 0
 195              		.loc 1 101 1 is_stmt 0 view .LVU38
 196 0000 70B5     		push	{r4, r5, r6, lr}
 197              	.LCFI3:
 198              		.cfi_def_cfa_offset 16
 199              		.cfi_offset 4, -16
 200              		.cfi_offset 5, -12
 201              		.cfi_offset 6, -8
 202              		.cfi_offset 14, -4
 102:Middlewares/Third_Party/FatFs/src/diskio.c ****   DRESULT res;
 203              		.loc 1 102 3 is_stmt 1 view .LVU39
 103:Middlewares/Third_Party/FatFs/src/diskio.c **** 
 104:Middlewares/Third_Party/FatFs/src/diskio.c ****   res = disk.drv[pdrv]->disk_write(disk.lun[pdrv], buff, sector, count);
 204              		.loc 1 104 3 view .LVU40
 205              		.loc 1 104 17 is_stmt 0 view .LVU41
 206 0002 044C     		ldr	r4, .L13
 207 0004 8500     		lsls	r5, r0, #2
 208 0006 6519     		adds	r5, r4, r5
 209 0008 6D68     		ldr	r5, [r5, #4]
 210              		.loc 1 104 23 view .LVU42
 211 000a ED68     		ldr	r5, [r5, #12]
 212              		.loc 1 104 9 view .LVU43
 213 000c 2418     		adds	r4, r4, r0
 214 000e 207A     		ldrb	r0, [r4, #8]
 215              	.LVL13:
 216              		.loc 1 104 9 view .LVU44
 217 0010 A847     		blx	r5
 218              	.LVL14:
 105:Middlewares/Third_Party/FatFs/src/diskio.c ****   return res;
 219              		.loc 1 105 3 is_stmt 1 view .LVU45
 106:Middlewares/Third_Party/FatFs/src/diskio.c **** }
 220              		.loc 1 106 1 is_stmt 0 view .LVU46
 221              		@ sp needed
 222 0012 70BD     		pop	{r4, r5, r6, pc}
 223              	.L14:
 224              		.align	2
 225              	.L13:
 226 0014 00000000 		.word	disk
 227              		.cfi_endproc
 228              	.LFE496:
 230              		.section	.text.disk_ioctl,"ax",%progbits
 231              		.align	1
 232              		.global	disk_ioctl
 233              		.syntax unified
 234              		.code	16
 235              		.thumb_func
 237              	disk_ioctl:
 238              	.LVL15:
 239              	.LFB497:
 107:Middlewares/Third_Party/FatFs/src/diskio.c **** #endif /* _USE_WRITE == 1 */
 108:Middlewares/Third_Party/FatFs/src/diskio.c **** 
 109:Middlewares/Third_Party/FatFs/src/diskio.c **** /**
 110:Middlewares/Third_Party/FatFs/src/diskio.c ****   * @brief  I/O control operation
ARM GAS  /tmp/ccWeDOOw.s 			page 7


 111:Middlewares/Third_Party/FatFs/src/diskio.c ****   * @param  pdrv: Physical drive number (0..)
 112:Middlewares/Third_Party/FatFs/src/diskio.c ****   * @param  cmd: Control code
 113:Middlewares/Third_Party/FatFs/src/diskio.c ****   * @param  *buff: Buffer to send/receive control data
 114:Middlewares/Third_Party/FatFs/src/diskio.c ****   * @retval DRESULT: Operation result
 115:Middlewares/Third_Party/FatFs/src/diskio.c ****   */
 116:Middlewares/Third_Party/FatFs/src/diskio.c **** #if _USE_IOCTL == 1
 117:Middlewares/Third_Party/FatFs/src/diskio.c **** DRESULT disk_ioctl (
 118:Middlewares/Third_Party/FatFs/src/diskio.c **** 	BYTE pdrv,		/* Physical drive nmuber (0..) */
 119:Middlewares/Third_Party/FatFs/src/diskio.c **** 	BYTE cmd,		/* Control code */
 120:Middlewares/Third_Party/FatFs/src/diskio.c **** 	void *buff		/* Buffer to send/receive control data */
 121:Middlewares/Third_Party/FatFs/src/diskio.c **** )
 122:Middlewares/Third_Party/FatFs/src/diskio.c **** {
 240              		.loc 1 122 1 is_stmt 1 view -0
 241              		.cfi_startproc
 242              		@ args = 0, pretend = 0, frame = 0
 243              		@ frame_needed = 0, uses_anonymous_args = 0
 244              		.loc 1 122 1 is_stmt 0 view .LVU48
 245 0000 10B5     		push	{r4, lr}
 246              	.LCFI4:
 247              		.cfi_def_cfa_offset 8
 248              		.cfi_offset 4, -8
 249              		.cfi_offset 14, -4
 123:Middlewares/Third_Party/FatFs/src/diskio.c ****   DRESULT res;
 250              		.loc 1 123 3 is_stmt 1 view .LVU49
 124:Middlewares/Third_Party/FatFs/src/diskio.c **** 
 125:Middlewares/Third_Party/FatFs/src/diskio.c ****   res = disk.drv[pdrv]->disk_ioctl(disk.lun[pdrv], cmd, buff);
 251              		.loc 1 125 3 view .LVU50
 252              		.loc 1 125 17 is_stmt 0 view .LVU51
 253 0002 044B     		ldr	r3, .L16
 254 0004 8400     		lsls	r4, r0, #2
 255 0006 1C19     		adds	r4, r3, r4
 256 0008 6468     		ldr	r4, [r4, #4]
 257              		.loc 1 125 23 view .LVU52
 258 000a 2469     		ldr	r4, [r4, #16]
 259              		.loc 1 125 9 view .LVU53
 260 000c 1B18     		adds	r3, r3, r0
 261 000e 187A     		ldrb	r0, [r3, #8]
 262              	.LVL16:
 263              		.loc 1 125 9 view .LVU54
 264 0010 A047     		blx	r4
 265              	.LVL17:
 126:Middlewares/Third_Party/FatFs/src/diskio.c ****   return res;
 266              		.loc 1 126 3 is_stmt 1 view .LVU55
 127:Middlewares/Third_Party/FatFs/src/diskio.c **** }
 267              		.loc 1 127 1 is_stmt 0 view .LVU56
 268              		@ sp needed
 269 0012 10BD     		pop	{r4, pc}
 270              	.L17:
 271              		.align	2
 272              	.L16:
 273 0014 00000000 		.word	disk
 274              		.cfi_endproc
 275              	.LFE497:
 277              		.section	.text.get_fattime,"ax",%progbits
 278              		.align	1
 279              		.weak	get_fattime
 280              		.syntax unified
ARM GAS  /tmp/ccWeDOOw.s 			page 8


 281              		.code	16
 282              		.thumb_func
 284              	get_fattime:
 285              	.LFB498:
 128:Middlewares/Third_Party/FatFs/src/diskio.c **** #endif /* _USE_IOCTL == 1 */
 129:Middlewares/Third_Party/FatFs/src/diskio.c **** 
 130:Middlewares/Third_Party/FatFs/src/diskio.c **** /**
 131:Middlewares/Third_Party/FatFs/src/diskio.c ****   * @brief  Gets Time from RTC
 132:Middlewares/Third_Party/FatFs/src/diskio.c ****   * @param  None
 133:Middlewares/Third_Party/FatFs/src/diskio.c ****   * @retval Time in DWORD
 134:Middlewares/Third_Party/FatFs/src/diskio.c ****   */
 135:Middlewares/Third_Party/FatFs/src/diskio.c **** __weak DWORD get_fattime (void)
 136:Middlewares/Third_Party/FatFs/src/diskio.c **** {
 286              		.loc 1 136 1 is_stmt 1 view -0
 287              		.cfi_startproc
 288              		@ args = 0, pretend = 0, frame = 0
 289              		@ frame_needed = 0, uses_anonymous_args = 0
 290              		@ link register save eliminated.
 137:Middlewares/Third_Party/FatFs/src/diskio.c ****   return 0;
 291              		.loc 1 137 3 view .LVU58
 138:Middlewares/Third_Party/FatFs/src/diskio.c **** }
 292              		.loc 1 138 1 is_stmt 0 view .LVU59
 293 0000 0020     		movs	r0, #0
 294              		@ sp needed
 295 0002 7047     		bx	lr
 296              		.cfi_endproc
 297              	.LFE498:
 299              		.text
 300              	.Letext0:
 301              		.file 2 "Middlewares/Third_Party/FatFs/src/integer.h"
 302              		.file 3 "Middlewares/Third_Party/FatFs/src/diskio.h"
 303              		.file 4 "/usr/arm-none-eabi/include/machine/_default_types.h"
 304              		.file 5 "/usr/arm-none-eabi/include/sys/_stdint.h"
 305              		.file 6 "Middlewares/Third_Party/FatFs/src/ff_gen_drv.h"
 306              		.file 7 "Drivers/STM32G0xx_HAL_Driver/Inc/stm32g0xx_ll_dma.h"
ARM GAS  /tmp/ccWeDOOw.s 			page 9


DEFINED SYMBOLS
                            *ABS*:00000000 diskio.c
     /tmp/ccWeDOOw.s:19     .text.disk_status:00000000 $t
     /tmp/ccWeDOOw.s:25     .text.disk_status:00000000 disk_status
     /tmp/ccWeDOOw.s:61     .text.disk_status:00000014 $d
     /tmp/ccWeDOOw.s:66     .text.disk_initialize:00000000 $t
     /tmp/ccWeDOOw.s:72     .text.disk_initialize:00000000 disk_initialize
     /tmp/ccWeDOOw.s:128    .text.disk_initialize:00000024 $d
     /tmp/ccWeDOOw.s:133    .text.disk_read:00000000 $t
     /tmp/ccWeDOOw.s:139    .text.disk_read:00000000 disk_read
     /tmp/ccWeDOOw.s:177    .text.disk_read:00000014 $d
     /tmp/ccWeDOOw.s:182    .text.disk_write:00000000 $t
     /tmp/ccWeDOOw.s:188    .text.disk_write:00000000 disk_write
     /tmp/ccWeDOOw.s:226    .text.disk_write:00000014 $d
     /tmp/ccWeDOOw.s:231    .text.disk_ioctl:00000000 $t
     /tmp/ccWeDOOw.s:237    .text.disk_ioctl:00000000 disk_ioctl
     /tmp/ccWeDOOw.s:273    .text.disk_ioctl:00000014 $d
     /tmp/ccWeDOOw.s:278    .text.get_fattime:00000000 $t
     /tmp/ccWeDOOw.s:284    .text.get_fattime:00000000 get_fattime

UNDEFINED SYMBOLS
disk
