ARM GAS  /tmp/cczgumMj.s 			page 1


   1              		.cpu cortex-m0plus
   2              		.arch armv6s-m
   3              		.fpu softvfp
   4              		.eabi_attribute 20, 1
   5              		.eabi_attribute 21, 1
   6              		.eabi_attribute 23, 3
   7              		.eabi_attribute 24, 1
   8              		.eabi_attribute 25, 1
   9              		.eabi_attribute 26, 1
  10              		.eabi_attribute 30, 1
  11              		.eabi_attribute 34, 0
  12              		.eabi_attribute 18, 4
  13              		.file	"syscall.c"
  14              		.text
  15              	.Ltext0:
  16              		.cfi_sections	.debug_frame
  17              		.file 1 "Middlewares/Third_Party/FatFs/src/option/syscall.c"
  18              	.Letext0:
  19              		.file 2 "/usr/arm-none-eabi/include/machine/_default_types.h"
  20              		.file 3 "/usr/arm-none-eabi/include/sys/_stdint.h"
  21              		.file 4 "Drivers/STM32G0xx_HAL_Driver/Inc/stm32g0xx_ll_dma.h"
ARM GAS  /tmp/cczgumMj.s 			page 2


DEFINED SYMBOLS
                            *ABS*:00000000 syscall.c

NO UNDEFINED SYMBOLS
